<?xml version="1.0" encoding="UTF-8" standalone="no"?>
<testsuite failures="1" name="cucumber.runtime.formatter.JUnitFormatter" skipped="0" tests="2" time="69.140575">
<testcase classname="FreeCRM Company Feature" name="FreeCRM add new Company" time="25.811047">
<system-out><![CDATA[Given User is already on login page.........................................passed
When Title of login page is <"Cogmento CRM">................................passed
Then User login into application............................................passed
And Verify login successful.................................................passed
Then Navigate to Companies page.............................................passed
Then Click on add new Company...............................................passed
And Enter "CitiusTech" , "www.citiustech.com" , "CitiusTech is a specialist provider of healthcare technology services and solutions, with strong presence across the globe" and save.passed
And Logout..................................................................passed
]]></system-out>
</testcase>
<testcase classname="FreeCRM Company Feature" name="FreeCRM delete Company" time="43.329528">
<failure message="org.openqa.selenium.NoSuchElementException: no such element: Unable to locate element: {&quot;method&quot;:&quot;xpath&quot;,&quot;selector&quot;:&quot;//td[text()='Accenture']/parent::tr/td/div/button/i[@class='trash icon']&quot;}&#10;  (Session info: chrome=83.0.4103.116)&#10;For documentation on this error, please visit: https://www.seleniumhq.org/exceptions/no_such_element.html&#10;Build info: version: '3.141.59', revision: 'e82be7d358', time: '2018-11-14T08:17:03'&#10;System info: host: 'RASHMIP2-MSD1', ip: '172.18.14.217', os.name: 'Windows 10', os.arch: 'amd64', os.version: '10.0', java.version: '1.8.0_171'&#10;Driver info: org.openqa.selenium.chrome.ChromeDriver&#10;Capabilities {acceptInsecureCerts: false, browserName: chrome, browserVersion: 83.0.4103.116, chrome: {chromedriverVersion: 83.0.4103.39 (ccbf011cb2d2b..., userDataDir: C:\Users\RashmiP2\AppData\L...}, goog:chromeOptions: {debuggerAddress: localhost:63487}, javascriptEnabled: true, networkConnectionEnabled: false, pageLoadStrategy: normal, platform: WINDOWS, platformName: WINDOWS, proxy: Proxy(), setWindowRect: true, strictFileInteractability: false, timeouts: {implicit: 0, pageLoad: 300000, script: 30000}, unhandledPromptBehavior: dismiss and notify, webauthn:virtualAuthenticators: true}&#10;Session ID: 1f206c394030df9d49f78ec5679e1e95&#10;*** Element info: {Using=xpath, value=//td[text()='Accenture']/parent::tr/td/div/button/i[@class='trash icon']}&#13;&#10;&#9;at sun.reflect.NativeConstructorAccessorImpl.newInstance0(Native Method)&#13;&#10;&#9;at sun.reflect.NativeConstructorAccessorImpl.newInstance(NativeConstructorAccessorImpl.java:62)&#13;&#10;&#9;at sun.reflect.DelegatingConstructorAccessorImpl.newInstance(DelegatingConstructorAccessorImpl.java:45)&#13;&#10;&#9;at java.lang.reflect.Constructor.newInstance(Constructor.java:423)&#13;&#10;&#9;at org.openqa.selenium.remote.http.W3CHttpResponseCodec.createException(W3CHttpResponseCodec.java:187)&#13;&#10;&#9;at org.openqa.selenium.remote.http.W3CHttpResponseCodec.decode(W3CHttpResponseCodec.java:122)&#13;&#10;&#9;at org.openqa.selenium.remote.http.W3CHttpResponseCodec.decode(W3CHttpResponseCodec.java:49)&#13;&#10;&#9;at org.openqa.selenium.remote.HttpCommandExecutor.execute(HttpCommandExecutor.java:158)&#13;&#10;&#9;at org.openqa.selenium.remote.service.DriverCommandExecutor.execute(DriverCommandExecutor.java:83)&#13;&#10;&#9;at org.openqa.selenium.remote.RemoteWebDriver.execute(RemoteWebDriver.java:552)&#13;&#10;&#9;at org.openqa.selenium.remote.RemoteWebElement.execute(RemoteWebElement.java:285)&#13;&#10;&#9;at org.openqa.selenium.remote.RemoteWebElement.findElement(RemoteWebElement.java:185)&#13;&#10;&#9;at org.openqa.selenium.remote.RemoteWebElement.findElementByXPath(RemoteWebElement.java:261)&#13;&#10;&#9;at org.openqa.selenium.By$ByXPath.findElement(By.java:353)&#13;&#10;&#9;at org.openqa.selenium.remote.RemoteWebElement.findElement(RemoteWebElement.java:181)&#13;&#10;&#9;at sun.reflect.NativeMethodAccessorImpl.invoke0(Native Method)&#13;&#10;&#9;at sun.reflect.NativeMethodAccessorImpl.invoke(NativeMethodAccessorImpl.java:62)&#13;&#10;&#9;at sun.reflect.DelegatingMethodAccessorImpl.invoke(DelegatingMethodAccessorImpl.java:43)&#13;&#10;&#9;at java.lang.reflect.Method.invoke(Method.java:498)&#13;&#10;&#9;at org.openqa.selenium.support.pagefactory.internal.LocatingElementHandler.invoke(LocatingElementHandler.java:51)&#13;&#10;&#9;at com.sun.proxy.$Proxy18.findElement(Unknown Source)&#13;&#10;&#9;at com.qa.pages.CompaniesPage.deleteCompany(CompaniesPage.java:68)&#13;&#10;&#9;at CompaniesStepDefinition.CompaniesStepDefinition.identify_the_Company_with_and_delete_the_record(CompaniesStepDefinition.java:75)&#13;&#10;&#9;at ✽.Then Identify the Company with &quot;Accenture&quot; and delete the record(C:/Users/RashmiP2/eclipse-workspace/FreeCrmBDDFramwork/src/main/java/Features/FreeCRM_Companies.feature:28)&#13;&#10;"><![CDATA[Given User is already on login page.........................................passed
When Title of login page is <"Cogmento CRM">................................passed
Then User login into application............................................passed
And Verify login successful.................................................passed
Then Navigate to Companies page.............................................passed
Then Identify the Company with "Accenture" and delete the record............failed
And Logout..................................................................skipped

StackTrace:
org.openqa.selenium.NoSuchElementException: no such element: Unable to locate element: {"method":"xpath","selector":"//td[text()='Accenture']/parent::tr/td/div/button/i[@class='trash icon']"}
  (Session info: chrome=83.0.4103.116)
For documentation on this error, please visit: https://www.seleniumhq.org/exceptions/no_such_element.html
Build info: version: '3.141.59', revision: 'e82be7d358', time: '2018-11-14T08:17:03'
System info: host: 'RASHMIP2-MSD1', ip: '172.18.14.217', os.name: 'Windows 10', os.arch: 'amd64', os.version: '10.0', java.version: '1.8.0_171'
Driver info: org.openqa.selenium.chrome.ChromeDriver
Capabilities {acceptInsecureCerts: false, browserName: chrome, browserVersion: 83.0.4103.116, chrome: {chromedriverVersion: 83.0.4103.39 (ccbf011cb2d2b..., userDataDir: C:\Users\RashmiP2\AppData\L...}, goog:chromeOptions: {debuggerAddress: localhost:63487}, javascriptEnabled: true, networkConnectionEnabled: false, pageLoadStrategy: normal, platform: WINDOWS, platformName: WINDOWS, proxy: Proxy(), setWindowRect: true, strictFileInteractability: false, timeouts: {implicit: 0, pageLoad: 300000, script: 30000}, unhandledPromptBehavior: dismiss and notify, webauthn:virtualAuthenticators: true}
Session ID: 1f206c394030df9d49f78ec5679e1e95
*** Element info: {Using=xpath, value=//td[text()='Accenture']/parent::tr/td/div/button/i[@class='trash icon']}
	at sun.reflect.NativeConstructorAccessorImpl.newInstance0(Native Method)
	at sun.reflect.NativeConstructorAccessorImpl.newInstance(NativeConstructorAccessorImpl.java:62)
	at sun.reflect.DelegatingConstructorAccessorImpl.newInstance(DelegatingConstructorAccessorImpl.java:45)
	at java.lang.reflect.Constructor.newInstance(Constructor.java:423)
	at org.openqa.selenium.remote.http.W3CHttpResponseCodec.createException(W3CHttpResponseCodec.java:187)
	at org.openqa.selenium.remote.http.W3CHttpResponseCodec.decode(W3CHttpResponseCodec.java:122)
	at org.openqa.selenium.remote.http.W3CHttpResponseCodec.decode(W3CHttpResponseCodec.java:49)
	at org.openqa.selenium.remote.HttpCommandExecutor.execute(HttpCommandExecutor.java:158)
	at org.openqa.selenium.remote.service.DriverCommandExecutor.execute(DriverCommandExecutor.java:83)
	at org.openqa.selenium.remote.RemoteWebDriver.execute(RemoteWebDriver.java:552)
	at org.openqa.selenium.remote.RemoteWebElement.execute(RemoteWebElement.java:285)
	at org.openqa.selenium.remote.RemoteWebElement.findElement(RemoteWebElement.java:185)
	at org.openqa.selenium.remote.RemoteWebElement.findElementByXPath(RemoteWebElement.java:261)
	at org.openqa.selenium.By$ByXPath.findElement(By.java:353)
	at org.openqa.selenium.remote.RemoteWebElement.findElement(RemoteWebElement.java:181)
	at sun.reflect.NativeMethodAccessorImpl.invoke0(Native Method)
	at sun.reflect.NativeMethodAccessorImpl.invoke(NativeMethodAccessorImpl.java:62)
	at sun.reflect.DelegatingMethodAccessorImpl.invoke(DelegatingMethodAccessorImpl.java:43)
	at java.lang.reflect.Method.invoke(Method.java:498)
	at org.openqa.selenium.support.pagefactory.internal.LocatingElementHandler.invoke(LocatingElementHandler.java:51)
	at com.sun.proxy.$Proxy18.findElement(Unknown Source)
	at com.qa.pages.CompaniesPage.deleteCompany(CompaniesPage.java:68)
	at CompaniesStepDefinition.CompaniesStepDefinition.identify_the_Company_with_and_delete_the_record(CompaniesStepDefinition.java:75)
	at ✽.Then Identify the Company with "Accenture" and delete the record(C:/Users/RashmiP2/eclipse-workspace/FreeCrmBDDFramwork/src/main/java/Features/FreeCRM_Companies.feature:28)
]]></failure>
</testcase>
</testsuite>
